Flow report for g_sensor_spi
Tue Sep 20 21:53:55 2022
Quartus Prime Version 18.1.0 Build 625 09/12/2018 SJ Lite Edition


---------------------
; Table of Contents ;
---------------------
  1. Legal Notice
  2. Flow Summary
  3. Flow Settings
  4. Flow Non-Default Global Settings
  5. Flow Elapsed Time
  6. Flow OS Summary
  7. Flow Log
  8. Flow Messages
  9. Flow Suppressed Messages



----------------
; Legal Notice ;
----------------
Copyright (C) 2018  Intel Corporation. All rights reserved.
Your use of Intel Corporation's design tools, logic functions 
and other software and tools, and its AMPP partner logic 
functions, and any output files from any of the foregoing 
(including device programming or simulation files), and any 
associated documentation or information are expressly subject 
to the terms and conditions of the Intel Program License 
Subscription Agreement, the Intel Quartus Prime License Agreement,
the Intel FPGA IP License Agreement, or other applicable license
agreement, including, without limitation, that your use is for
the sole purpose of programming logic devices manufactured by
Intel and sold by Intel or its authorized distributors.  Please
refer to the applicable agreement for further details.



+----------------------------------------------------------------------------------+
; Flow Summary                                                                     ;
+------------------------------------+---------------------------------------------+
; Flow Status                        ; Successful - Tue Sep 20 21:53:55 2022       ;
; Quartus Prime Version              ; 18.1.0 Build 625 09/12/2018 SJ Lite Edition ;
; Revision Name                      ; g_sensor_spi                                ;
; Top-level Entity Name              ; top                                         ;
; Family                             ; Cyclone IV E                                ;
; Device                             ; EP4CE22F17C6                                ;
; Timing Models                      ; Final                                       ;
; Total logic elements               ; 367 / 22,320 ( 2 % )                        ;
;     Total combinational functions  ; 367 / 22,320 ( 2 % )                        ;
;     Dedicated logic registers      ; 170 / 22,320 ( < 1 % )                      ;
; Total registers                    ; 170                                         ;
; Total pins                         ; 14 / 154 ( 9 % )                            ;
; Total virtual pins                 ; 0                                           ;
; Total memory bits                  ; 0 / 608,256 ( 0 % )                         ;
; Embedded Multiplier 9-bit elements ; 0 / 132 ( 0 % )                             ;
; Total PLLs                         ; 1 / 4 ( 25 % )                              ;
+------------------------------------+---------------------------------------------+


+-----------------------------------------+
; Flow Settings                           ;
+-------------------+---------------------+
; Option            ; Setting             ;
+-------------------+---------------------+
; Start date & time ; 09/20/2022 21:53:20 ;
; Main task         ; Compilation         ;
; Revision Name     ; g_sensor_spi        ;
+-------------------+---------------------+


+------------------------------------------------------------------------------------------------------------------------------------+
; Flow Non-Default Global Settings                                                                                                   ;
+--------------------------------------+----------------------------------------+---------------+-------------+----------------------+
; Assignment Name                      ; Value                                  ; Default Value ; Entity Name ; Section Id           ;
+--------------------------------------+----------------------------------------+---------------+-------------+----------------------+
; COMPILER_SIGNATURE_ID                ; 136520661124976.166370359913240        ; --            ; --          ; --                   ;
; EDA_DESIGN_ENTRY_SYNTHESIS_TOOL      ; Synplify                               ; <None>        ; --          ; --                   ;
; EDA_DESIGN_INSTANCE_NAME             ; NA                                     ; --            ; --          ; tb                   ;
; EDA_INPUT_DATA_FORMAT                ; Vqm                                    ; --            ; --          ; eda_design_synthesis ;
; EDA_LMF_FILE                         ; synplcty.lmf                           ; --            ; --          ; eda_design_synthesis ;
; EDA_NATIVELINK_SIMULATION_TEST_BENCH ; tb                                     ; --            ; --          ; eda_simulation       ;
; EDA_OUTPUT_DATA_FORMAT               ; Systemverilog Hdl                      ; --            ; --          ; eda_simulation       ;
; EDA_SIMULATION_TOOL                  ; ModelSim-Altera (SystemVerilog)        ; <None>        ; --          ; --                   ;
; EDA_TEST_BENCH_ENABLE_STATUS         ; TEST_BENCH_MODE                        ; --            ; --          ; eda_simulation       ;
; EDA_TEST_BENCH_FILE                  ; tb.sv                                  ; --            ; --          ; tb                   ;
; EDA_TEST_BENCH_MODULE_NAME           ; tb                                     ; --            ; --          ; tb                   ;
; EDA_TEST_BENCH_NAME                  ; tb                                     ; --            ; --          ; eda_simulation       ;
; EDA_TIME_SCALE                       ; 1 ps                                   ; --            ; --          ; eda_simulation       ;
; ENABLE_SIGNALTAP                     ; Off                                    ; --            ; --          ; --                   ;
; MAX_CORE_JUNCTION_TEMP               ; 85                                     ; --            ; --          ; --                   ;
; MIN_CORE_JUNCTION_TEMP               ; 0                                      ; --            ; --          ; --                   ;
; MISC_FILE                            ; pll_inst.v                             ; --            ; --          ; --                   ;
; MISC_FILE                            ; pll.ppf                                ; --            ; --          ; --                   ;
; NOMINAL_CORE_SUPPLY_VOLTAGE          ; 1.2V                                   ; --            ; --          ; --                   ;
; PARTITION_COLOR                      ; -- (Not supported for targeted family) ; --            ; top         ; Top                  ;
; PARTITION_FITTER_PRESERVATION_LEVEL  ; -- (Not supported for targeted family) ; --            ; top         ; Top                  ;
; PARTITION_NETLIST_TYPE               ; -- (Not supported for targeted family) ; --            ; top         ; Top                  ;
; POWER_BOARD_THERMAL_MODEL            ; None (CONSERVATIVE)                    ; --            ; --          ; --                   ;
; POWER_PRESET_COOLING_SOLUTION        ; 23 MM HEAT SINK WITH 200 LFPM AIRFLOW  ; --            ; --          ; --                   ;
; PROJECT_OUTPUT_DIRECTORY             ; output_files                           ; --            ; --          ; --                   ;
; TOP_LEVEL_ENTITY                     ; top                                    ; g_sensor_spi  ; --          ; --                   ;
; USE_SIGNALTAP_FILE                   ; stp1.stp                               ; --            ; --          ; --                   ;
+--------------------------------------+----------------------------------------+---------------+-------------+----------------------+


+--------------------------------------------------------------------------------------------------------------------------+
; Flow Elapsed Time                                                                                                        ;
+----------------------+--------------+-------------------------+---------------------+------------------------------------+
; Module Name          ; Elapsed Time ; Average Processors Used ; Peak Virtual Memory ; Total CPU Time (on all processors) ;
+----------------------+--------------+-------------------------+---------------------+------------------------------------+
; Analysis & Synthesis ; 00:00:19     ; 1.0                     ; 4769 MB             ; 00:00:43                           ;
; Fitter               ; 00:00:07     ; 1.0                     ; 5509 MB             ; 00:00:08                           ;
; Assembler            ; 00:00:02     ; 1.0                     ; 4670 MB             ; 00:00:01                           ;
; Timing Analyzer      ; 00:00:02     ; 1.1                     ; 4777 MB             ; 00:00:03                           ;
; EDA Netlist Writer   ; 00:00:01     ; 1.0                     ; 4641 MB             ; 00:00:02                           ;
; Total                ; 00:00:31     ; --                      ; --                  ; 00:00:57                           ;
+----------------------+--------------+-------------------------+---------------------+------------------------------------+


+------------------------------------------------------------------------------------+
; Flow OS Summary                                                                    ;
+----------------------+------------------+------------+------------+----------------+
; Module Name          ; Machine Hostname ; OS Name    ; OS Version ; Processor type ;
+----------------------+------------------+------------+------------+----------------+
; Analysis & Synthesis ; DESKTOP-9EVC4SO  ; Windows 10 ; 10.0       ; x86_64         ;
; Fitter               ; DESKTOP-9EVC4SO  ; Windows 10 ; 10.0       ; x86_64         ;
; Assembler            ; DESKTOP-9EVC4SO  ; Windows 10 ; 10.0       ; x86_64         ;
; Timing Analyzer      ; DESKTOP-9EVC4SO  ; Windows 10 ; 10.0       ; x86_64         ;
; EDA Netlist Writer   ; DESKTOP-9EVC4SO  ; Windows 10 ; 10.0       ; x86_64         ;
+----------------------+------------------+------------+------------+----------------+


------------
; Flow Log ;
------------
quartus_map --read_settings_files=on --write_settings_files=off g_sensor_spi -c g_sensor_spi
quartus_fit --read_settings_files=off --write_settings_files=off g_sensor_spi -c g_sensor_spi
quartus_asm --read_settings_files=off --write_settings_files=off g_sensor_spi -c g_sensor_spi
quartus_sta g_sensor_spi -c g_sensor_spi
quartus_eda --read_settings_files=off --write_settings_files=off g_sensor_spi -c g_sensor_spi



